\BOOKMARK [1][-]{section.1}{\376\377\000T\000a\000s\000k\000\040\0001\000:\000\040\000B\000a\000s\000i\000c\000\040\000I\000m\000a\000g\000e\000\040\000I\000/\000O}{}% 1
\BOOKMARK [2][-]{subsection.1.1}{\376\377\000Q\000u\000e\000s\000t\000i\000o\000n\000\040\0001}{section.1}% 2
\BOOKMARK [2][-]{subsection.1.2}{\376\377\000Q\000u\000e\000s\000t\000i\000o\000n\000\040\0002}{section.1}% 3
\BOOKMARK [3][-]{subsubsection.1.2.1}{}{subsection.1.2}% 4
\BOOKMARK [3][-]{subsubsection.1.2.2}{}{subsection.1.2}% 5
\BOOKMARK [3][-]{subsubsection.1.2.3}{}{subsection.1.2}% 6
\BOOKMARK [3][-]{subsubsection.1.2.4}{}{subsection.1.2}% 7
\BOOKMARK [1][-]{section.2}{\376\377\000T\000a\000s\000k\000\040\0002\000:\000\040\000C\000o\000l\000o\000u\000r\000\040\000S\000p\000a\000c\000e\000\040\000C\000o\000n\000v\000e\000r\000s\000i\000o\000n}{}% 8
\BOOKMARK [2][-]{subsection.2.1}{\376\377\000Q\000u\000e\000s\000t\000i\000o\000n\000\040\0001}{section.2}% 9
\BOOKMARK [3][-]{subsubsection.2.1.1}{}{subsection.2.1}% 10
\BOOKMARK [3][-]{subsubsection.2.1.2}{}{subsection.2.1}% 11
\BOOKMARK [2][-]{subsection.2.2}{\376\377\000Q\000u\000e\000s\000t\000i\000o\000n\000\040\0002}{section.2}% 12
\BOOKMARK [3][-]{subsubsection.2.2.1}{}{subsection.2.2}% 13
\BOOKMARK [3][-]{subsubsection.2.2.2}{}{subsection.2.2}% 14
\BOOKMARK [1][-]{section.3}{\376\377\000T\000a\000s\000k\000\040\0003\000:\000\040\000I\000m\000a\000g\000e\000\040\000D\000e\000n\000o\000i\000s\000i\000n\000g\000\040\000v\000i\000a\000\040\000a\000\040\000G\000a\000u\000s\000s\000i\000a\000n\000\040\000F\000i\000l\000t\000e\000r}{}% 15
\BOOKMARK [2][-]{subsection.3.1}{\376\377\000Q\000u\000e\000s\000t\000i\000o\000n\000\040\0001}{section.3}% 16
\BOOKMARK [2][-]{subsection.3.2}{\376\377\000Q\000u\000e\000s\000t\000i\000o\000n\000\040\0002}{section.3}% 17
\BOOKMARK [2][-]{subsection.3.3}{\376\377\000Q\000u\000e\000s\000t\000i\000o\000n\000\040\0003}{section.3}% 18
\BOOKMARK [2][-]{subsection.3.4}{\376\377\000Q\000u\000e\000s\000t\000i\000o\000n\000\040\0004}{section.3}% 19
\BOOKMARK [2][-]{subsection.3.5}{\376\377\000Q\000u\000e\000s\000t\000i\000o\000n\000\040\0005}{section.3}% 20
\BOOKMARK [2][-]{subsection.3.6}{\376\377\000Q\000u\000e\000s\000t\000i\000o\000n\000\040\0006}{section.3}% 21
\BOOKMARK [2][-]{subsection.3.7}{\376\377\000Q\000u\000e\000s\000t\000i\000o\000n\000\040\0007}{section.3}% 22
\BOOKMARK [1][-]{section.4}{\376\377\000T\000a\000s\000k\000\040\0004\000:\000\040\000S\000o\000b\000e\000l\000\040\000E\000d\000g\000e\000\040\000F\000i\000l\000t\000e\000r}{}% 23
\BOOKMARK [2][-]{subsection.4.1}{\376\377\000Q\000u\000e\000s\000t\000i\000o\000n\000\040\0001}{section.4}% 24
\BOOKMARK [3][-]{subsubsection.4.1.1}{}{subsection.4.1}% 25
\BOOKMARK [3][-]{subsubsection.4.1.2}{}{subsection.4.1}% 26
\BOOKMARK [2][-]{subsection.4.2}{\376\377\000Q\000u\000e\000s\000t\000i\000o\000n\000\040\0002}{section.4}% 27
\BOOKMARK [1][-]{section.5}{\376\377\000T\000a\000s\000k\000\040\0005\000:\000\040\000S\000h\000o\000r\000t\000\040\000R\000e\000s\000p\000o\000n\000s\000e\000\040\000Q\000u\000e\000s\000t\000i\000o\000n\000s}{}% 28
\BOOKMARK [2][-]{subsection.5.1}{\376\377\000Q\000u\000e\000s\000t\000i\000o\000n\000\040\0001}{section.5}% 29
\BOOKMARK [3][-]{subsubsection.5.1.1}{}{subsection.5.1}% 30
\BOOKMARK [3][-]{subsubsection.5.1.2}{}{subsection.5.1}% 31
\BOOKMARK [2][-]{subsection.5.2}{\376\377\000Q\000u\000e\000s\000t\000i\000o\000n\000\040\0002}{section.5}% 32
\BOOKMARK [3][-]{subsubsection.5.2.1}{}{subsection.5.2}% 33
\BOOKMARK [3][-]{subsubsection.5.2.2}{}{subsection.5.2}% 34
\BOOKMARK [3][-]{subsubsection.5.2.3}{}{subsection.5.2}% 35
